<?xml version="1.0" encoding="UTF-8"?>
<testng-results ignored="0" total="1" passed="1" failed="0" skipped="0">
  <reporter-output>
  </reporter-output>
  <suite started-at="2023-06-08T23:00:08 GMT-04:00" name="Suite" finished-at="2023-06-08T23:00:41 GMT-04:00" duration-ms="32684">
    <groups>
    </groups>
    <test started-at="2023-06-08T23:00:08 GMT-04:00" name="Test" finished-at="2023-06-08T23:00:41 GMT-04:00" duration-ms="32684">
      <class name="com.obsqura.TestNGFramework.JavaScriptExecutorSample">
        <test-method is-config="true" signature="initializeBrowser()[pri:0, instance:com.obsqura.TestNGFramework.JavaScriptExecutorSample@25ce9dc4]" started-at="2023-06-08T23:00:08 GMT-04:00" name="initializeBrowser" finished-at="2023-06-08T23:00:13 GMT-04:00" duration-ms="4621" status="PASS">
          <reporter-output>
          </reporter-output>
        </test-method> <!-- initializeBrowser -->
        <test-method signature="javaScriptExecutorSample()[pri:0, instance:com.obsqura.TestNGFramework.JavaScriptExecutorSample@25ce9dc4]" started-at="2023-06-08T23:00:13 GMT-04:00" name="javaScriptExecutorSample" finished-at="2023-06-08T23:00:41 GMT-04:00" duration-ms="27971" status="PASS">
          <reporter-output>
          </reporter-output>
        </test-method> <!-- javaScriptExecutorSample -->
      </class> <!-- com.obsqura.TestNGFramework.JavaScriptExecutorSample -->
    </test> <!-- Test -->
  </suite> <!-- Suite -->
</testng-results>
