<?xml version="1.0" encoding="UTF-8"?>
<testng-results ignored="7" total="8" passed="1" failed="0" skipped="0">
  <reporter-output>
  </reporter-output>
  <suite started-at="2023-05-31T22:18:32 GMT-04:00" name="Suite" finished-at="2023-05-31T22:18:36 GMT-04:00" duration-ms="4056">
    <groups>
    </groups>
    <test started-at="2023-05-31T22:18:32 GMT-04:00" name="Test" finished-at="2023-05-31T22:18:36 GMT-04:00" duration-ms="4056">
      <class name="com.obsqura.TestNGFramework.Asserts">
        <test-method is-config="true" signature="initializeBrowser()[pri:0, instance:com.obsqura.TestNGFramework.Asserts@47d9a273]" started-at="2023-05-31T22:18:32 GMT-04:00" name="initializeBrowser" finished-at="2023-05-31T22:18:35 GMT-04:00" duration-ms="3141" status="PASS">
          <reporter-output>
          </reporter-output>
        </test-method> <!-- initializeBrowser -->
        <test-method signature="assertNullSample()[pri:0, instance:com.obsqura.TestNGFramework.Asserts@47d9a273]" started-at="2023-05-31T22:18:35 GMT-04:00" name="assertNullSample" finished-at="2023-05-31T22:18:35 GMT-04:00" duration-ms="9" status="PASS">
          <reporter-output>
          </reporter-output>
        </test-method> <!-- assertNullSample -->
        <test-method is-config="true" signature="driverQuit()[pri:0, instance:com.obsqura.TestNGFramework.Asserts@47d9a273]" started-at="2023-05-31T22:18:35 GMT-04:00" name="driverQuit" finished-at="2023-05-31T22:18:36 GMT-04:00" duration-ms="843" status="PASS">
          <reporter-output>
          </reporter-output>
        </test-method> <!-- driverQuit -->
      </class> <!-- com.obsqura.TestNGFramework.Asserts -->
    </test> <!-- Test -->
  </suite> <!-- Suite -->
</testng-results>
