<?xml version="1.0" encoding="UTF-8"?>
<!-- Generated by org.testng.reporters.JUnitXMLReporter -->
<testsuite ignored="7" hostname="Chikkus_hp" failures="0" tests="1" name="Test" time="4.056" errors="0" timestamp="2023-05-31T22:18:36 GMT-04:00">
  <testcase classname="com.obsqura.TestNGFramework.Asserts" name="assertNullSample" time="0.009"/>
  <testcase classname="com.obsqura.TestNGFramework.Asserts" name="assertTrueSample" time="0.0">
    <ignored/>
  </testcase> <!-- assertTrueSample -->
  <testcase classname="com.obsqura.TestNGFramework.Asserts" name="verifyTheWidthOfShowMessageButton" time="0.0">
    <ignored/>
  </testcase> <!-- verifyTheWidthOfShowMessageButton -->
  <testcase classname="com.obsqura.TestNGFramework.Asserts" name="assertNotEqualsSample" time="0.0">
    <ignored/>
  </testcase> <!-- assertNotEqualsSample -->
  <testcase classname="com.obsqura.TestNGFramework.Asserts" name="assertEqualsSample" time="0.0">
    <ignored/>
  </testcase> <!-- assertEqualsSample -->
  <testcase classname="com.obsqura.TestNGFramework.Asserts" name="assertFalseSample" time="0.0">
    <ignored/>
  </testcase> <!-- assertFalseSample -->
  <testcase classname="com.obsqura.TestNGFramework.Asserts" name="verifyWhetherTheGetTotalButtonIsDisplayed" time="0.0">
    <ignored/>
  </testcase> <!-- verifyWhetherTheGetTotalButtonIsDisplayed -->
  <testcase classname="com.obsqura.TestNGFramework.Asserts" name="verifyTheBackGroundColorOfShowMessageButton" time="0.0">
    <ignored/>
  </testcase> <!-- verifyTheBackGroundColorOfShowMessageButton -->
</testsuite> <!-- Test -->
