# JRE version: Java(TM) SE Runtime Environment 18.9 (11.0.18+9) (build 11.0.18+9-LTS-195)
# Java VM: Java HotSpot(TM) 64-Bit Server VM 18.9 (11.0.18+9-LTS-195, mixed mode, tiered, compressed oops, g1 gc, windows-amd64)
Heap:
 garbage-first heap   total 126976K, used 23820K [0x0000000085800000, 0x0000000100000000)
  region size 1024K, 16 young (16384K), 7 survivors (7168K)
 Metaspace       used 31754K, capacity 32799K, committed 33072K, reserved 1079296K
  class space    used 3706K, capacity 4127K, committed 4224K, reserved 1048576K
GC Heap History (6 events):
Event: 0.848 GC heap before
{Heap before GC invocations=0 (full 0):
 garbage-first heap   total 126976K, used 13312K [0x0000000085800000, 0x0000000100000000)
  region size 1024K, 14 young (14336K), 0 survivors (0K)
 Metaspace       used 7877K, capacity 7955K, committed 8192K, reserved 1056768K
  class space    used 709K, capacity 735K, committed 768K, reserved 1048576K
}
Event: 0.851 GC heap after
{Heap after GC invocations=1 (full 0):
 garbage-first heap   total 126976K, used 3698K [0x0000000085800000, 0x0000000100000000)
  region size 1024K, 2 young (2048K), 2 survivors (2048K)
 Metaspace       used 7877K, capacity 7955K, committed 8192K, reserved 1056768K
  class space    used 709K, capacity 735K, committed 768K, reserved 1048576K
}
Event: 2.029 GC heap before
{Heap before GC invocations=1 (full 0):
 garbage-first heap   total 126976K, used 54898K [0x0000000085800000, 0x0000000100000000)
  region size 1024K, 53 young (54272K), 2 survivors (2048K)
 Metaspace       used 20449K, capacity 21149K, committed 21296K, reserved 1069056K
  class space    used 2295K, capacity 2607K, committed 2688K, reserved 1048576K
}
Event: 2.036 GC heap after
{Heap after GC invocations=2 (full 0):
 garbage-first heap   total 126976K, used 6920K [0x0000000085800000, 0x0000000100000000)
  region size 1024K, 6 young (6144K), 6 survivors (6144K)
 Metaspace       used 20449K, capacity 21149K, committed 21296K, reserved 1069056K
  class space    used 2295K, capacity 2607K, committed 2688K, reserved 1048576K
}
Event: 3.687 GC heap before
{Heap before GC invocations=3 (full 0):
 garbage-first heap   total 126976K, used 60168K [0x0000000085800000, 0x0000000100000000)
  region size 1024K, 53 young (54272K), 6 survivors (6144K)
 Metaspace       used 30194K, capacity 31205K, committed 31280K, reserved 1077248K
  class space    used 3556K, capacity 3961K, committed 3968K, reserved 1048576K
}
Event: 3.694 GC heap after
{Heap after GC invocations=4 (full 0):
 garbage-first heap   total 126976K, used 15628K [0x0000000085800000, 0x0000000100000000)
  region size 1024K, 7 young (7168K), 7 survivors (7168K)
 Metaspace       used 30194K, capacity 31205K, committed 31280K, reserved 1077248K
  class space    used 3556K, capacity 3961K, committed 3968K, reserved 1048576K
}

